<?xml version="1.0" encoding="UTF-8"?>
<!-- Generated by org.testng.reporters.JUnitReportReporter -->
<testsuite hostname="LTIN596453" failures="0" tests="1" name="TestAPIClas" time="2.803" errors="0" timestamp="2025-09-12T12:34:42 IST" skipped="0">
  <testcase classname="TestAPIClas" name="verifyStatusCode200" time="2.803"/>
  <system-out/>
</testsuite> <!-- TestAPIClas -->
