<?xml version="1.0" encoding="UTF-8"?>
<!-- Generated by org.testng.reporters.JUnitReportReporter -->
<testsuite hostname="LTIN596453" failures="0" tests="1" name="TestClass" time="3.252" errors="0" timestamp="2025-09-12T14:47:38 IST" skipped="0">
  <testcase classname="TestClass" name="verifyStatusCode" time="3.252"/>
  <system-out/>
</testsuite> <!-- TestClass -->
